2018-05-20T12:05:48.789509-04:00 INFO load_intial_files - INFO
2018-05-20T12:05:48.791724-04:00 ERROR load_intial_files - error
2018-05-20T14:28:55.250179-04:00 WARN load_intial_files - INFO
2018-05-20T14:31:14.824239-04:00 WARN load_intial_files - The symbol AAON not found in master file ../input_data/Test/
2018-05-20T14:31:57.137436-04:00 WARN load_intial_files - The symbol "AAON" not found in master file ../input_data/Test/
2018-05-20T14:32:23.488653-04:00 WARN load_intial_files - The symbol "AAON" not found in master file "../input_data/Test/"
2018-05-20T14:39:19.827569-04:00 WARN load_intial_files - The symbol "AAON" not found in master file "../input_data/Test/"
2018-05-21T19:53:25.258845-04:00 WARN load_intial_files - The symbol "AAON" not found in master file "../input_data/Test/"
2018-05-21T20:06:05.596534-04:00 WARN load_intial_files - The symbol "AAON" not found in master file "../input_data/Test/"
2018-05-21T20:08:41.993546-04:00 WARN load_intial_files - The symbol "AAON" not found in master file "../input_data/Test/"
2018-05-21T21:27:06.129371-04:00 WARN load_intial_files - The symbol "AAON" not found in master file "../input_data/Test/"
2018-05-21T21:28:34.162977-04:00 WARN load_intial_files - The symbol "AAON" not found in master file "../input_data/Test/"
2018-05-21T21:47:28.436676-04:00 WARN load_intial_files - The symbol "AAON" not found in master file "../input_data/Test/"
2018-05-23T21:53:07.468212-04:00 WARN load_intial_files - The symbol "AAON" not found in master file "../input_data/Test/"
2018-05-25T16:52:32.191681-04:00 WARN load_intial_files - The symbol "AAON" not found in master file "../input_data/Test/"
2018-05-25T17:00:28.917739-04:00 WARN load_intial_files - The symbol "AAON" not found in master file "../input_data/Test/"
2018-05-25T17:01:36.218069-04:00 WARN load_intial_files - The symbol "AAON" not found in master file "../input_data/Test/"
2018-05-25T17:26:45.824209-04:00 WARN load_intial_files - The symbol "AAON" not found in master file "../input_data/Test/"
2018-05-25T17:37:42.256443-04:00 WARN load_intial_files - The symbol "AAON" not found in master file "../input_data/Test/"
2018-05-25T17:42:52.781754-04:00 WARN load_intial_files - The symbol "AAON" not found in master file "../input_data/Test/"
2018-05-25T17:43:14.874902-04:00 WARN load_intial_files - The symbol "AAON" not found in master file "../input_data/Test/"
2018-05-25T17:44:06.258426-04:00 WARN load_intial_files - The symbol "AAON" not found in master file "../input_data/Test/"
2018-05-25T17:44:49.239567-04:00 WARN load_intial_files - The symbol "AAON" not found in master file "../input_data/Test/"
2018-05-25T18:05:26.322868-04:00 WARN load_intial_files - The symbol "AAON" not found in master file "../input_data/Test/"
2018-05-25T18:25:49.494198-04:00 WARN load_intial_files - The symbol "AAON" not found in master file "../input_data/Test/"
2018-05-25T19:34:05.136937-04:00 WARN load_intial_files - The symbol "AAON" not found in master file "../input_data/Test/"
2018-05-25T19:35:50.441732-04:00 WARN load_intial_files - The symbol "AAON" not found in master file "../input_data/Test/"
2018-05-25T19:38:20.356367-04:00 WARN load_intial_files - The symbol "AAON" not found in master file "../input_data/Test/"
2018-05-25T20:11:38.850076-04:00 WARN load_intial_files - The symbol "AAON" not found in master file "../input_data/Test/"
2018-05-27T14:21:11.246708-04:00 WARN load_intial_files - The symbol "AAON" not found in master file "../input_data/Test/"
2018-05-27T14:23:00.014183-04:00 WARN load_intial_files - The symbol "AAON" not found in master file "../input_data/Test/"
2018-05-27T14:34:42.513735-04:00 WARN load_intial_files - The symbol "AAON" not found in master file "../input_data/Test/"
2018-05-27T14:43:21.177972-04:00 WARN load_intial_files - The symbol "AAON" not found in master file "../input_data/Test/"
2018-05-27T14:44:18.507915-04:00 WARN load_intial_files - The symbol "AAON" not found in master file "../input_data/Test/"
2018-05-27T14:58:39.753860-04:00 WARN load_intial_files - The symbol "AAON" not found in master file "../input_data/Test/"
2018-05-27T15:06:46.585267-04:00 WARN load_intial_files - The symbol "AAON" not found in master file "../input_data/Test/"
2018-05-27T21:07:17.400714-04:00 WARN load_intial_files - The symbol "AAON" not found in master file "../input_data/Test/"
2018-05-27T21:09:06.262155-04:00 WARN load_intial_files - The symbol "AAON" not found in master file "../input_data/Test/"
2018-05-27T21:21:47.309511-04:00 WARN load_intial_files - The symbol "AAON" not found in master file "../input_data/Test/"
2018-05-27T21:23:16.190888-04:00 WARN load_intial_files - The symbol "AAON" not found in master file "../input_data/Test/"
2018-05-27T21:44:12.132052-04:00 WARN load_intial_files - The symbol "AAON" not found in master file "../input_data/Test/"
2018-05-29T21:38:34.873149-04:00 WARN load_intial_files - The symbol "AAON" not found in master file "../input_data/Test/"
2018-05-29T21:42:56.204419-04:00 WARN load_intial_files - The symbol "AAON" not found in master file "../input_data/Test/"
2018-05-29T21:46:31.065673-04:00 WARN load_intial_files - The symbol "AAON" not found in master file "../input_data/Test/"
2018-05-29T21:47:25.875476-04:00 WARN load_intial_files - The symbol "AAON" not found in master file "../input_data/Test/"
2018-05-29T21:50:25.707964-04:00 WARN load_intial_files - The symbol "AAON" not found in master file "../input_data/Test/"
2018-05-29T21:56:30.919003-04:00 WARN load_intial_files - The symbol "AAON" not found in master file "../input_data/Test/"
2018-05-29T21:57:58.958477-04:00 WARN load_intial_files - The symbol "AAON" not found in master file "../input_data/Test/"
2018-05-29T22:06:58.018277-04:00 WARN load_intial_files - The symbol "AAON" not found in master file "../input_data/Stocks/"
2018-05-29T23:26:24.831790-04:00 WARN load_intial_files - The symbol "AAON" not found in master file "../input_data/Stocks/"
2018-05-30T20:43:11.891846-04:00 WARN load_intial_files - The symbol "AAON" not found in master file "../input_data/Stocks/"
